<?xml version="1.0" encoding="UTF-8"?>
<!-- Generated by org.testng.reporters.JUnitReportReporter -->
<testsuite skipped="0" hostname="HDD11008" name="com.pro.Kiran" tests="2" failures="0" timestamp="14 Nov 2016 10:24:44 GMT" time="0.008" errors="0">
  <testcase name="abc" time="0.005" classname="com.pro.Kiran"/>
  <testcase name="bcd" time="0.003" classname="com.pro.Kiran"/>
</testsuite> <!-- com.pro.Kiran -->
