<?xml version="1.0" encoding="UTF-8"?>
<!-- Generated by org.testng.reporters.JUnitReportReporter -->
<testsuite hostname="Prasanta-pc" name="com.psl.app.A" tests="3" failures="0" timestamp="22 Apr 2015 19:54:45 GMT" time="0.021" errors="0">
  <testcase name="m1" time="0.019" classname="com.psl.app.A"/>
  <testcase name="m3" time="0.001" classname="com.psl.app.A"/>
  <testcase name="m2" time="0.001" classname="com.psl.app.A"/>
</testsuite> <!-- com.psl.app.A -->
